<?xml version="1.0" encoding="utf-8"?>
<assemblies timestamp="03/14/2021 18:04:04" />